<?xml version="1.0" encoding="UTF-8"?>
<!-- Generated by org.testng.reporters.JUnitXMLReporter -->
<testsuite hostname="Asus-Zenbook" ignored="0" name="Default test" tests="5" failures="0" timestamp="2020-09-03T23:46:16 COT" time="135.643" errors="0">
  <testcase name="multiVerify" time="9.246" classname="com.syntax.class03.HomeWork"/>
  <testcase name="multiVerify" time="8.796" classname="com.syntax.class03.HomeWork"/>
  <testcase name="multiVerify" time="8.116" classname="com.syntax.class03.HomeWork"/>
  <testcase name="multiVerify" time="8.383" classname="com.syntax.class03.HomeWork"/>
  <testcase name="multiVerify" time="8.792" classname="com.syntax.class03.HomeWork"/>
</testsuite> <!-- Default test -->
