<?xml version="1.0" encoding="UTF-8"?>
<!-- Generated by org.testng.reporters.JUnitXMLReporter -->
<testsuite hostname="Asus-Zenbook" ignored="11" name="Test" tests="1" failures="1" timestamp="2020-09-03T19:20:10 COT" time="0.046" errors="0">
  <testcase name="@AfterMethod closeBrowser" time="0.0" classname="com.syntax.class02.Dependency">
    <failure type="java.lang.NullPointerException">
      <![CDATA[java.lang.NullPointerException
at com.syntax.class02.Dependency.closeBrowser(Dependency.java:48)
at java.util.ArrayList.forEach(Unknown Source)
... Removed 32 stack frames]]>
    </failure>
  </testcase> <!-- @AfterMethod closeBrowser -->
  <testcase name="titleValidation" time="0.006" classname="com.syntax.class02.Dependency">
    <failure type="java.lang.NullPointerException">
      <![CDATA[java.lang.NullPointerException
at com.syntax.class02.Dependency.titleValidation(Dependency.java:41)
at java.util.ArrayList.forEach(Unknown Source)
... Removed 27 stack frames]]>
    </failure>
  </testcase> <!-- titleValidation -->
  <testcase name="test2" time="0.0" classname="com.syntax.class02.AllAnnotations">
    <ignored/>
  </testcase> <!-- test2 -->
  <testcase name="test3" time="0.0" classname="com.syntax.class02.AllAnnotations">
    <ignored/>
  </testcase> <!-- test3 -->
  <testcase name="logoValidation" time="0.0" classname="com.syntax.class02.HardAssortionDemo">
    <ignored/>
  </testcase> <!-- logoValidation -->
  <testcase name="invalidLoginError" time="0.0" classname="com.syntax.class02.SoftAssortionDemo">
    <ignored/>
  </testcase> <!-- invalidLoginError -->
  <testcase name="loginFromTxt" time="0.0" classname="com.syntax.class02.HardAssortionDemo">
    <ignored/>
  </testcase> <!-- loginFromTxt -->
  <testcase name="validLogin" time="0.0" classname="com.syntax.class02.IssueWithoutAssertion">
    <ignored/>
  </testcase> <!-- validLogin -->
  <testcase name="invalidLogin" time="0.0" classname="com.syntax.class02.Dependency">
    <ignored/>
  </testcase> <!-- invalidLogin -->
  <testcase name="test" time="0.0" classname="com.syntax.class02.AllAnnotations">
    <ignored/>
  </testcase> <!-- test -->
  <testcase name="validLogin" time="0.0" classname="com.syntax.class02.Dependency">
    <ignored/>
  </testcase> <!-- validLogin -->
  <testcase name="titleValidation" time="0.0" classname="com.syntax.class02.HardAssortionDemo">
    <ignored/>
  </testcase> <!-- titleValidation -->
  <testcase name="verifyLabels" time="0.0" classname="com.syntax.class02.ClassTask">
    <ignored/>
  </testcase> <!-- verifyLabels -->
</testsuite> <!-- Test -->
